2024-08-10 15:37:52,639 - INFO - B\u1eaft \u0111\u1ea7u quá trình x\u1eed lý
2024-08-10 15:37:53,475 - INFO - \u0110ã ki\u1ec3m tra tín hi\u1ec7u t\u1eeb server
2024-08-10 15:37:53,481 - INFO - \u0110ã l\u1ea5y d\u1eef li\u1ec7u m\u1edbi nh\u1ea5t
2024-08-10 15:37:53,482 - INFO - \u0110ã t\u1ea1o t\u1ec7p MQ4: C:\Users\phanv\OneDrive\\u0110i\u0301nh ke\u0300m\MyBot.mq4
2024-08-10 15:37:53,490 - INFO - \u0110ã c\u1eadp nh\u1eadt t\u1ec7p MQ4 v\u1edbi thông s\u1ed1 m\u1edbi
2024-08-10 15:37:53,492 - INFO - File zip \u0111ã \u0111\u01b0\u1ee3c t\u1ea1o thành công t\u1ea1i C:\Users\phanv\OneDrive\\u0110i\u0301nh ke\u0300m\MyBot.zip
2024-08-10 15:38:01,714 - INFO - \u0110ã g\u1eedi email v\u1edbi file \u0111ính kèm
2024-08-10 15:43:38,279 - INFO - B\u1eaft \u0111\u1ea7u quá trình x\u1eed lý
2024-08-10 15:43:39,104 - INFO - \u0110ã ki\u1ec3m tra tín hi\u1ec7u t\u1eeb server
2024-08-10 15:43:39,111 - INFO - \u0110ã l\u1ea5y d\u1eef li\u1ec7u m\u1edbi nh\u1ea5t
2024-08-10 15:43:39,112 - INFO - \u0110ã t\u1ea1o t\u1ec7p MQ4: C:\Users\phanv\OneDrive\\u0110i\u0301nh ke\u0300m\MyBot.mq4
2024-08-10 15:43:39,115 - INFO - \u0110ã c\u1eadp nh\u1eadt t\u1ec7p MQ4 v\u1edbi thông s\u1ed1 m\u1edbi
2024-08-10 15:43:39,122 - INFO - File zip \u0111ã \u0111\u01b0\u1ee3c t\u1ea1o thành công t\u1ea1i C:\Users\phanv\OneDrive\\u0110i\u0301nh ke\u0300m\MyBot.zip
2024-08-10 15:43:47,133 - INFO - \u0110ã g\u1eedi email v\u1edbi file \u0111ính kèm
2024-08-10 15:46:05,074 - INFO - B\u1eaft \u0111\u1ea7u quá trình x\u1eed lý
2024-08-10 15:46:06,096 - INFO - \u0110ã ki\u1ec3m tra tín hi\u1ec7u t\u1eeb server
2024-08-10 15:46:06,102 - INFO - \u0110ã l\u1ea5y d\u1eef li\u1ec7u m\u1edbi nh\u1ea5t
2024-08-10 15:46:06,103 - INFO - \u0110ã t\u1ea1o t\u1ec7p MQ4: C:\Users\phanv\OneDrive\\u0110i\u0301nh ke\u0300m\MyBot.mq4
2024-08-10 15:46:06,105 - INFO - \u0110ã c\u1eadp nh\u1eadt t\u1ec7p MQ4 v\u1edbi thông s\u1ed1 m\u1edbi
2024-08-10 15:46:06,105 - INFO - File zip \u0111ã \u0111\u01b0\u1ee3c t\u1ea1o thành công t\u1ea1i C:\Users\phanv\OneDrive\\u0110i\u0301nh ke\u0300m\MyBot.zip
2024-08-10 15:46:14,682 - INFO - \u0110ã g\u1eedi email v\u1edbi file \u0111ính kèm
